cp Makefile.local_defs ../eltopo-master/eltopo3d/
cd ../eltopo-master/eltopo3d && make depend && make release
make[1]: Entering directory '/home/lai/.julia/packages/SurfaceGeometry/X77cg/src/libraries/eltopo-master/eltopo3d'
mkdir obj
mkdir: cannot create directory ‘obj’: File exists
Makefile:42: recipe for target 'depend' failed
make[1]: [depend] Error 1 (ignored)
rm -f obj/depend
g++ -D__LITTLE_ENDIAN__ -DUSE_FORTRAN_BLAS -DNO_GUI -MM accelerationgrid.cpp -MT obj/accelerationgrid.o -I. -I../eltopo3d -I../common -I../common/newsparse -I../common/sparse -I../common/meshes -I../common/tunicate -Icurlnoise -Idrivers  >> obj/depend; g++ -D__LITTLE_ENDIAN__ -DUSE_FORTRAN_BLAS -DNO_GUI -MM broadphasegrid.cpp -MT obj/broadphasegrid.o -I. -I../eltopo3d -I../common -I../common/newsparse -I../common/sparse -I../common/meshes -I../common/tunicate -Icurlnoise -Idrivers  >> obj/depend; g++ -D__LITTLE_ENDIAN__ -DUSE_FORTRAN_BLAS -DNO_GUI -MM collisionpipeline.cpp -MT obj/collisionpipeline.o -I. -I../eltopo3d -I../common -I../common/newsparse -I../common/sparse -I../common/meshes -I../common/tunicate -Icurlnoise -Idrivers  >> obj/depend; g++ -D__LITTLE_ENDIAN__ -DUSE_FORTRAN_BLAS -DNO_GUI -MM dynamicsurface.cpp -MT obj/dynamicsurface.o -I. -I../eltopo3d -I../common -I../common/newsparse -I../common/sparse -I../common/meshes -I../common/tunicate -Icurlnoise -Idrivers  >> obj/depend; g++ -D__LITTLE_ENDIAN__ -DUSE_FORTRAN_BLAS -DNO_GUI -MM edgecollapser.cpp -MT obj/edgecollapser.o -I. -I../eltopo3d -I../common -I../common/newsparse -I../common/sparse -I../common/meshes -I../common/tunicate -Icurlnoise -Idrivers  >> obj/depend; g++ -D__LITTLE_ENDIAN__ -DUSE_FORTRAN_BLAS -DNO_GUI -MM edgeflipper.cpp -MT obj/edgeflipper.o -I. -I../eltopo3d -I../common -I../common/newsparse -I../common/sparse -I../common/meshes -I../common/tunicate -Icurlnoise -Idrivers  >> obj/depend; g++ -D__LITTLE_ENDIAN__ -DUSE_FORTRAN_BLAS -DNO_GUI -MM edgesplitter.cpp -MT obj/edgesplitter.o -I. -I../eltopo3d -I../common -I../common/newsparse -I../common/sparse -I../common/meshes -I../common/tunicate -Icurlnoise -Idrivers  >> obj/depend; g++ -D__LITTLE_ENDIAN__ -DUSE_FORTRAN_BLAS -DNO_GUI -MM eltopo.cpp -MT obj/eltopo.o -I. -I../eltopo3d -I../common -I../common/newsparse -I../common/sparse -I../common/meshes -I../common/tunicate -Icurlnoise -Idrivers  >> obj/depend; g++ -D__LITTLE_ENDIAN__ -DUSE_FORTRAN_BLAS -DNO_GUI -MM impactzonesolver.cpp -MT obj/impactzonesolver.o -I. -I../eltopo3d -I../common -I../common/newsparse -I../common/sparse -I../common/meshes -I../common/tunicate -Icurlnoise -Idrivers  >> obj/depend; g++ -D__LITTLE_ENDIAN__ -DUSE_FORTRAN_BLAS -DNO_GUI -MM meshmerger.cpp -MT obj/meshmerger.o -I. -I../eltopo3d -I../common -I../common/newsparse -I../common/sparse -I../common/meshes -I../common/tunicate -Icurlnoise -Idrivers  >> obj/depend; g++ -D__LITTLE_ENDIAN__ -DUSE_FORTRAN_BLAS -DNO_GUI -MM meshpincher.cpp -MT obj/meshpincher.o -I. -I../eltopo3d -I../common -I../common/newsparse -I../common/sparse -I../common/meshes -I../common/tunicate -Icurlnoise -Idrivers  >> obj/depend; g++ -D__LITTLE_ENDIAN__ -DUSE_FORTRAN_BLAS -DNO_GUI -MM meshsmoother.cpp -MT obj/meshsmoother.o -I. -I../eltopo3d -I../common -I../common/newsparse -I../common/sparse -I../common/meshes -I../common/tunicate -Icurlnoise -Idrivers  >> obj/depend; g++ -D__LITTLE_ENDIAN__ -DUSE_FORTRAN_BLAS -DNO_GUI -MM meshrenderer.cpp -MT obj/meshrenderer.o -I. -I../eltopo3d -I../common -I../common/newsparse -I../common/sparse -I../common/meshes -I../common/tunicate -Icurlnoise -Idrivers  >> obj/depend; g++ -D__LITTLE_ENDIAN__ -DUSE_FORTRAN_BLAS -DNO_GUI -MM nondestructivetrimesh.cpp -MT obj/nondestructivetrimesh.o -I. -I../eltopo3d -I../common -I../common/newsparse -I../common/sparse -I../common/meshes -I../common/tunicate -Icurlnoise -Idrivers  >> obj/depend; g++ -D__LITTLE_ENDIAN__ -DUSE_FORTRAN_BLAS -DNO_GUI -MM subdivisionscheme.cpp -MT obj/subdivisionscheme.o -I. -I../eltopo3d -I../common -I../common/newsparse -I../common/sparse -I../common/meshes -I../common/tunicate -Icurlnoise -Idrivers  >> obj/depend; g++ -D__LITTLE_ENDIAN__ -DUSE_FORTRAN_BLAS -DNO_GUI -MM surftrack.cpp -MT obj/surftrack.o -I. -I../eltopo3d -I../common -I../common/newsparse -I../common/sparse -I../common/meshes -I../common/tunicate -Icurlnoise -Idrivers  >> obj/depend; g++ -D__LITTLE_ENDIAN__ -DUSE_FORTRAN_BLAS -DNO_GUI -MM trianglequality.cpp -MT obj/trianglequality.o -I. -I../eltopo3d -I../common -I../common/newsparse -I../common/sparse -I../common/meshes -I../common/tunicate -Icurlnoise -Idrivers  >> obj/depend; g++ -D__LITTLE_ENDIAN__ -DUSE_FORTRAN_BLAS -DNO_GUI -MM ../common/wallclocktime.cpp -MT obj/wallclocktime.o -I. -I../eltopo3d -I../common -I../common/newsparse -I../common/sparse -I../common/meshes -I../common/tunicate -Icurlnoise -Idrivers  >> obj/depend; g++ -D__LITTLE_ENDIAN__ -DUSE_FORTRAN_BLAS -DNO_GUI -MM ../common/newsparse/sparse_matrix.cpp -MT obj/sparse_matrix.o -I. -I../eltopo3d -I../common -I../common/newsparse -I../common/sparse -I../common/meshes -I../common/tunicate -Icurlnoise -Idrivers  >> obj/depend; g++ -D__LITTLE_ENDIAN__ -DUSE_FORTRAN_BLAS -DNO_GUI -MM ../common/newsparse/krylov_solvers.cpp -MT obj/krylov_solvers.o -I. -I../eltopo3d -I../common -I../common/newsparse -I../common/sparse -I../common/meshes -I../common/tunicate -Icurlnoise -Idrivers  >> obj/depend; g++ -D__LITTLE_ENDIAN__ -DUSE_FORTRAN_BLAS -DNO_GUI -MM ../common/tunicate/expansion.cpp -MT obj/expansion.o -I. -I../eltopo3d -I../common -I../common/newsparse -I../common/sparse -I../common/meshes -I../common/tunicate -Icurlnoise -Idrivers  >> obj/depend; g++ -D__LITTLE_ENDIAN__ -DUSE_FORTRAN_BLAS -DNO_GUI -MM ../common/tunicate/intersection.cpp -MT obj/intersection.o -I. -I../eltopo3d -I../common -I../common/newsparse -I../common/sparse -I../common/meshes -I../common/tunicate -Icurlnoise -Idrivers  >> obj/depend; g++ -D__LITTLE_ENDIAN__ -DUSE_FORTRAN_BLAS -DNO_GUI -MM ../common/tunicate/neg.cpp -MT obj/neg.o -I. -I../eltopo3d -I../common -I../common/newsparse -I../common/sparse -I../common/meshes -I../common/tunicate -Icurlnoise -Idrivers  >> obj/depend; g++ -D__LITTLE_ENDIAN__ -DUSE_FORTRAN_BLAS -DNO_GUI -MM ../common/tunicate/orientation.cpp -MT obj/orientation.o -I. -I../eltopo3d -I../common -I../common/newsparse -I../common/sparse -I../common/meshes -I../common/tunicate -Icurlnoise -Idrivers  >> obj/depend; g++ -D__LITTLE_ENDIAN__ -DUSE_FORTRAN_BLAS -DNO_GUI -MM ../common/root_parity_ccd_wrapper.cpp -MT obj/root_parity_ccd_wrapper.o -I. -I../eltopo3d -I../common -I../common/newsparse -I../common/sparse -I../common/meshes -I../common/tunicate -Icurlnoise -Idrivers  >> obj/depend; g++ -D__LITTLE_ENDIAN__ -DUSE_FORTRAN_BLAS -DNO_GUI -MM ../common/cubic_ccd_wrapper.cpp -MT obj/cubic_ccd_wrapper.o -I. -I../eltopo3d -I../common -I../common/newsparse -I../common/sparse -I../common/meshes -I../common/tunicate -Icurlnoise -Idrivers  >> obj/depend; g++ -D__LITTLE_ENDIAN__ -DUSE_FORTRAN_BLAS -DNO_GUI -MM ../common/collisionqueries.cpp -MT obj/collisionqueries.o -I. -I../eltopo3d -I../common -I../common/newsparse -I../common/sparse -I../common/meshes -I../common/tunicate -Icurlnoise -Idrivers  >> obj/depend;
mkdir obj_debug
mkdir: cannot create directory ‘obj_debug’: File exists
Makefile:42: recipe for target 'depend' failed
make[1]: [depend] Error 1 (ignored)
rm -f obj_debug/depend
g++ -D__LITTLE_ENDIAN__ -DUSE_FORTRAN_BLAS -DNO_GUI -MM accelerationgrid.cpp -MT obj_debug/accelerationgrid.o -I. -I../eltopo3d -I../common -I../common/newsparse -I../common/sparse -I../common/meshes -I../common/tunicate -Icurlnoise -Idrivers  >> obj_debug/depend; g++ -D__LITTLE_ENDIAN__ -DUSE_FORTRAN_BLAS -DNO_GUI -MM broadphasegrid.cpp -MT obj_debug/broadphasegrid.o -I. -I../eltopo3d -I../common -I../common/newsparse -I../common/sparse -I../common/meshes -I../common/tunicate -Icurlnoise -Idrivers  >> obj_debug/depend; g++ -D__LITTLE_ENDIAN__ -DUSE_FORTRAN_BLAS -DNO_GUI -MM collisionpipeline.cpp -MT obj_debug/collisionpipeline.o -I. -I../eltopo3d -I../common -I../common/newsparse -I../common/sparse -I../common/meshes -I../common/tunicate -Icurlnoise -Idrivers  >> obj_debug/depend; g++ -D__LITTLE_ENDIAN__ -DUSE_FORTRAN_BLAS -DNO_GUI -MM dynamicsurface.cpp -MT obj_debug/dynamicsurface.o -I. -I../eltopo3d -I../common -I../common/newsparse -I../common/sparse -I../common/meshes -I../common/tunicate -Icurlnoise -Idrivers  >> obj_debug/depend; g++ -D__LITTLE_ENDIAN__ -DUSE_FORTRAN_BLAS -DNO_GUI -MM edgecollapser.cpp -MT obj_debug/edgecollapser.o -I. -I../eltopo3d -I../common -I../common/newsparse -I../common/sparse -I../common/meshes -I../common/tunicate -Icurlnoise -Idrivers  >> obj_debug/depend; g++ -D__LITTLE_ENDIAN__ -DUSE_FORTRAN_BLAS -DNO_GUI -MM edgeflipper.cpp -MT obj_debug/edgeflipper.o -I. -I../eltopo3d -I../common -I../common/newsparse -I../common/sparse -I../common/meshes -I../common/tunicate -Icurlnoise -Idrivers  >> obj_debug/depend; g++ -D__LITTLE_ENDIAN__ -DUSE_FORTRAN_BLAS -DNO_GUI -MM edgesplitter.cpp -MT obj_debug/edgesplitter.o -I. -I../eltopo3d -I../common -I../common/newsparse -I../common/sparse -I../common/meshes -I../common/tunicate -Icurlnoise -Idrivers  >> obj_debug/depend; g++ -D__LITTLE_ENDIAN__ -DUSE_FORTRAN_BLAS -DNO_GUI -MM eltopo.cpp -MT obj_debug/eltopo.o -I. -I../eltopo3d -I../common -I../common/newsparse -I../common/sparse -I../common/meshes -I../common/tunicate -Icurlnoise -Idrivers  >> obj_debug/depend; g++ -D__LITTLE_ENDIAN__ -DUSE_FORTRAN_BLAS -DNO_GUI -MM impactzonesolver.cpp -MT obj_debug/impactzonesolver.o -I. -I../eltopo3d -I../common -I../common/newsparse -I../common/sparse -I../common/meshes -I../common/tunicate -Icurlnoise -Idrivers  >> obj_debug/depend; g++ -D__LITTLE_ENDIAN__ -DUSE_FORTRAN_BLAS -DNO_GUI -MM meshmerger.cpp -MT obj_debug/meshmerger.o -I. -I../eltopo3d -I../common -I../common/newsparse -I../common/sparse -I../common/meshes -I../common/tunicate -Icurlnoise -Idrivers  >> obj_debug/depend; g++ -D__LITTLE_ENDIAN__ -DUSE_FORTRAN_BLAS -DNO_GUI -MM meshpincher.cpp -MT obj_debug/meshpincher.o -I. -I../eltopo3d -I../common -I../common/newsparse -I../common/sparse -I../common/meshes -I../common/tunicate -Icurlnoise -Idrivers  >> obj_debug/depend; g++ -D__LITTLE_ENDIAN__ -DUSE_FORTRAN_BLAS -DNO_GUI -MM meshsmoother.cpp -MT obj_debug/meshsmoother.o -I. -I../eltopo3d -I../common -I../common/newsparse -I../common/sparse -I../common/meshes -I../common/tunicate -Icurlnoise -Idrivers  >> obj_debug/depend; g++ -D__LITTLE_ENDIAN__ -DUSE_FORTRAN_BLAS -DNO_GUI -MM meshrenderer.cpp -MT obj_debug/meshrenderer.o -I. -I../eltopo3d -I../common -I../common/newsparse -I../common/sparse -I../common/meshes -I../common/tunicate -Icurlnoise -Idrivers  >> obj_debug/depend; g++ -D__LITTLE_ENDIAN__ -DUSE_FORTRAN_BLAS -DNO_GUI -MM nondestructivetrimesh.cpp -MT obj_debug/nondestructivetrimesh.o -I. -I../eltopo3d -I../common -I../common/newsparse -I../common/sparse -I../common/meshes -I../common/tunicate -Icurlnoise -Idrivers  >> obj_debug/depend; g++ -D__LITTLE_ENDIAN__ -DUSE_FORTRAN_BLAS -DNO_GUI -MM subdivisionscheme.cpp -MT obj_debug/subdivisionscheme.o -I. -I../eltopo3d -I../common -I../common/newsparse -I../common/sparse -I../common/meshes -I../common/tunicate -Icurlnoise -Idrivers  >> obj_debug/depend; g++ -D__LITTLE_ENDIAN__ -DUSE_FORTRAN_BLAS -DNO_GUI -MM surftrack.cpp -MT obj_debug/surftrack.o -I. -I../eltopo3d -I../common -I../common/newsparse -I../common/sparse -I../common/meshes -I../common/tunicate -Icurlnoise -Idrivers  >> obj_debug/depend; g++ -D__LITTLE_ENDIAN__ -DUSE_FORTRAN_BLAS -DNO_GUI -MM trianglequality.cpp -MT obj_debug/trianglequality.o -I. -I../eltopo3d -I../common -I../common/newsparse -I../common/sparse -I../common/meshes -I../common/tunicate -Icurlnoise -Idrivers  >> obj_debug/depend; g++ -D__LITTLE_ENDIAN__ -DUSE_FORTRAN_BLAS -DNO_GUI -MM ../common/wallclocktime.cpp -MT obj_debug/wallclocktime.o -I. -I../eltopo3d -I../common -I../common/newsparse -I../common/sparse -I../common/meshes -I../common/tunicate -Icurlnoise -Idrivers  >> obj_debug/depend; g++ -D__LITTLE_ENDIAN__ -DUSE_FORTRAN_BLAS -DNO_GUI -MM ../common/newsparse/sparse_matrix.cpp -MT obj_debug/sparse_matrix.o -I. -I../eltopo3d -I../common -I../common/newsparse -I../common/sparse -I../common/meshes -I../common/tunicate -Icurlnoise -Idrivers  >> obj_debug/depend; g++ -D__LITTLE_ENDIAN__ -DUSE_FORTRAN_BLAS -DNO_GUI -MM ../common/newsparse/krylov_solvers.cpp -MT obj_debug/krylov_solvers.o -I. -I../eltopo3d -I../common -I../common/newsparse -I../common/sparse -I../common/meshes -I../common/tunicate -Icurlnoise -Idrivers  >> obj_debug/depend; g++ -D__LITTLE_ENDIAN__ -DUSE_FORTRAN_BLAS -DNO_GUI -MM ../common/tunicate/expansion.cpp -MT obj_debug/expansion.o -I. -I../eltopo3d -I../common -I../common/newsparse -I../common/sparse -I../common/meshes -I../common/tunicate -Icurlnoise -Idrivers  >> obj_debug/depend; g++ -D__LITTLE_ENDIAN__ -DUSE_FORTRAN_BLAS -DNO_GUI -MM ../common/tunicate/intersection.cpp -MT obj_debug/intersection.o -I. -I../eltopo3d -I../common -I../common/newsparse -I../common/sparse -I../common/meshes -I../common/tunicate -Icurlnoise -Idrivers  >> obj_debug/depend; g++ -D__LITTLE_ENDIAN__ -DUSE_FORTRAN_BLAS -DNO_GUI -MM ../common/tunicate/neg.cpp -MT obj_debug/neg.o -I. -I../eltopo3d -I../common -I../common/newsparse -I../common/sparse -I../common/meshes -I../common/tunicate -Icurlnoise -Idrivers  >> obj_debug/depend; g++ -D__LITTLE_ENDIAN__ -DUSE_FORTRAN_BLAS -DNO_GUI -MM ../common/tunicate/orientation.cpp -MT obj_debug/orientation.o -I. -I../eltopo3d -I../common -I../common/newsparse -I../common/sparse -I../common/meshes -I../common/tunicate -Icurlnoise -Idrivers  >> obj_debug/depend; g++ -D__LITTLE_ENDIAN__ -DUSE_FORTRAN_BLAS -DNO_GUI -MM ../common/root_parity_ccd_wrapper.cpp -MT obj_debug/root_parity_ccd_wrapper.o -I. -I../eltopo3d -I../common -I../common/newsparse -I../common/sparse -I../common/meshes -I../common/tunicate -Icurlnoise -Idrivers  >> obj_debug/depend; g++ -D__LITTLE_ENDIAN__ -DUSE_FORTRAN_BLAS -DNO_GUI -MM ../common/cubic_ccd_wrapper.cpp -MT obj_debug/cubic_ccd_wrapper.o -I. -I../eltopo3d -I../common -I../common/newsparse -I../common/sparse -I../common/meshes -I../common/tunicate -Icurlnoise -Idrivers  >> obj_debug/depend; g++ -D__LITTLE_ENDIAN__ -DUSE_FORTRAN_BLAS -DNO_GUI -MM ../common/collisionqueries.cpp -MT obj_debug/collisionqueries.o -I. -I../eltopo3d -I../common -I../common/newsparse -I../common/sparse -I../common/meshes -I../common/tunicate -Icurlnoise -Idrivers  >> obj_debug/depend;
make[1]: Leaving directory '/home/lai/.julia/packages/SurfaceGeometry/X77cg/src/libraries/eltopo-master/eltopo3d'
make[1]: Entering directory '/home/lai/.julia/packages/SurfaceGeometry/X77cg/src/libraries/eltopo-master/eltopo3d'
g++ -Wall -D__LITTLE_ENDIAN__ -DUSE_FORTRAN_BLAS -DNO_GUI -fPIC -c -O3 -funroll-loops -I. -I../eltopo3d -I../common -I../common/newsparse -I../common/sparse -I../common/meshes -I../common/tunicate -Icurlnoise -Idrivers  -o obj/accelerationgrid.o accelerationgrid.cpp
g++ -Wall -D__LITTLE_ENDIAN__ -DUSE_FORTRAN_BLAS -DNO_GUI -fPIC -c -O3 -funroll-loops -I. -I../eltopo3d -I../common -I../common/newsparse -I../common/sparse -I../common/meshes -I../common/tunicate -Icurlnoise -Idrivers  -o obj/broadphasegrid.o broadphasegrid.cpp
g++ -Wall -D__LITTLE_ENDIAN__ -DUSE_FORTRAN_BLAS -DNO_GUI -fPIC -c -O3 -funroll-loops -I. -I../eltopo3d -I../common -I../common/newsparse -I../common/sparse -I../common/meshes -I../common/tunicate -Icurlnoise -Idrivers  -o obj/collisionpipeline.o collisionpipeline.cpp
g++ -Wall -D__LITTLE_ENDIAN__ -DUSE_FORTRAN_BLAS -DNO_GUI -fPIC -c -O3 -funroll-loops -I. -I../eltopo3d -I../common -I../common/newsparse -I../common/sparse -I../common/meshes -I../common/tunicate -Icurlnoise -Idrivers  -o obj/dynamicsurface.o dynamicsurface.cpp
g++ -Wall -D__LITTLE_ENDIAN__ -DUSE_FORTRAN_BLAS -DNO_GUI -fPIC -c -O3 -funroll-loops -I. -I../eltopo3d -I../common -I../common/newsparse -I../common/sparse -I../common/meshes -I../common/tunicate -Icurlnoise -Idrivers  -o obj/edgecollapser.o edgecollapser.cpp
g++ -Wall -D__LITTLE_ENDIAN__ -DUSE_FORTRAN_BLAS -DNO_GUI -fPIC -c -O3 -funroll-loops -I. -I../eltopo3d -I../common -I../common/newsparse -I../common/sparse -I../common/meshes -I../common/tunicate -Icurlnoise -Idrivers  -o obj/edgeflipper.o edgeflipper.cpp
g++ -Wall -D__LITTLE_ENDIAN__ -DUSE_FORTRAN_BLAS -DNO_GUI -fPIC -c -O3 -funroll-loops -I. -I../eltopo3d -I../common -I../common/newsparse -I../common/sparse -I../common/meshes -I../common/tunicate -Icurlnoise -Idrivers  -o obj/edgesplitter.o edgesplitter.cpp
g++ -Wall -D__LITTLE_ENDIAN__ -DUSE_FORTRAN_BLAS -DNO_GUI -fPIC -c -O3 -funroll-loops -I. -I../eltopo3d -I../common -I../common/newsparse -I../common/sparse -I../common/meshes -I../common/tunicate -Icurlnoise -Idrivers  -o obj/eltopo.o eltopo.cpp
g++ -Wall -D__LITTLE_ENDIAN__ -DUSE_FORTRAN_BLAS -DNO_GUI -fPIC -c -O3 -funroll-loops -I. -I../eltopo3d -I../common -I../common/newsparse -I../common/sparse -I../common/meshes -I../common/tunicate -Icurlnoise -Idrivers  -o obj/impactzonesolver.o impactzonesolver.cpp
g++ -Wall -D__LITTLE_ENDIAN__ -DUSE_FORTRAN_BLAS -DNO_GUI -fPIC -c -O3 -funroll-loops -I. -I../eltopo3d -I../common -I../common/newsparse -I../common/sparse -I../common/meshes -I../common/tunicate -Icurlnoise -Idrivers  -o obj/meshmerger.o meshmerger.cpp
g++ -Wall -D__LITTLE_ENDIAN__ -DUSE_FORTRAN_BLAS -DNO_GUI -fPIC -c -O3 -funroll-loops -I. -I../eltopo3d -I../common -I../common/newsparse -I../common/sparse -I../common/meshes -I../common/tunicate -Icurlnoise -Idrivers  -o obj/meshpincher.o meshpincher.cpp
g++ -Wall -D__LITTLE_ENDIAN__ -DUSE_FORTRAN_BLAS -DNO_GUI -fPIC -c -O3 -funroll-loops -I. -I../eltopo3d -I../common -I../common/newsparse -I../common/sparse -I../common/meshes -I../common/tunicate -Icurlnoise -Idrivers  -o obj/meshsmoother.o meshsmoother.cpp
g++ -Wall -D__LITTLE_ENDIAN__ -DUSE_FORTRAN_BLAS -DNO_GUI -fPIC -c -O3 -funroll-loops -I. -I../eltopo3d -I../common -I../common/newsparse -I../common/sparse -I../common/meshes -I../common/tunicate -Icurlnoise -Idrivers  -o obj/meshrenderer.o meshrenderer.cpp
g++ -Wall -D__LITTLE_ENDIAN__ -DUSE_FORTRAN_BLAS -DNO_GUI -fPIC -c -O3 -funroll-loops -I. -I../eltopo3d -I../common -I../common/newsparse -I../common/sparse -I../common/meshes -I../common/tunicate -Icurlnoise -Idrivers  -o obj/nondestructivetrimesh.o nondestructivetrimesh.cpp
g++ -Wall -D__LITTLE_ENDIAN__ -DUSE_FORTRAN_BLAS -DNO_GUI -fPIC -c -O3 -funroll-loops -I. -I../eltopo3d -I../common -I../common/newsparse -I../common/sparse -I../common/meshes -I../common/tunicate -Icurlnoise -Idrivers  -o obj/subdivisionscheme.o subdivisionscheme.cpp
g++ -Wall -D__LITTLE_ENDIAN__ -DUSE_FORTRAN_BLAS -DNO_GUI -fPIC -c -O3 -funroll-loops -I. -I../eltopo3d -I../common -I../common/newsparse -I../common/sparse -I../common/meshes -I../common/tunicate -Icurlnoise -Idrivers  -o obj/surftrack.o surftrack.cpp
g++ -Wall -D__LITTLE_ENDIAN__ -DUSE_FORTRAN_BLAS -DNO_GUI -fPIC -c -O3 -funroll-loops -I. -I../eltopo3d -I../common -I../common/newsparse -I../common/sparse -I../common/meshes -I../common/tunicate -Icurlnoise -Idrivers  -o obj/trianglequality.o trianglequality.cpp
g++ -Wall -D__LITTLE_ENDIAN__ -DUSE_FORTRAN_BLAS -DNO_GUI -fPIC -c -O3 -funroll-loops -I. -I../eltopo3d -I../common -I../common/newsparse -I../common/sparse -I../common/meshes -I../common/tunicate -Icurlnoise -Idrivers  -o obj/wallclocktime.o ../common/wallclocktime.cpp
g++ -Wall -D__LITTLE_ENDIAN__ -DUSE_FORTRAN_BLAS -DNO_GUI -fPIC -c -O3 -funroll-loops -I. -I../eltopo3d -I../common -I../common/newsparse -I../common/sparse -I../common/meshes -I../common/tunicate -Icurlnoise -Idrivers  -o obj/sparse_matrix.o ../common/newsparse/sparse_matrix.cpp
g++ -Wall -D__LITTLE_ENDIAN__ -DUSE_FORTRAN_BLAS -DNO_GUI -fPIC -c -O3 -funroll-loops -I. -I../eltopo3d -I../common -I../common/newsparse -I../common/sparse -I../common/meshes -I../common/tunicate -Icurlnoise -Idrivers  -o obj/krylov_solvers.o ../common/newsparse/krylov_solvers.cpp
g++ -Wall -D__LITTLE_ENDIAN__ -DUSE_FORTRAN_BLAS -DNO_GUI -fPIC -c -O3 -funroll-loops -I. -I../eltopo3d -I../common -I../common/newsparse -I../common/sparse -I../common/meshes -I../common/tunicate -Icurlnoise -Idrivers  -o obj/expansion.o ../common/tunicate/expansion.cpp
g++ -Wall -D__LITTLE_ENDIAN__ -DUSE_FORTRAN_BLAS -DNO_GUI -fPIC -c -O3 -funroll-loops -I. -I../eltopo3d -I../common -I../common/newsparse -I../common/sparse -I../common/meshes -I../common/tunicate -Icurlnoise -Idrivers  -o obj/intersection.o ../common/tunicate/intersection.cpp
../common/tunicate/intersection.cpp: In function ‘int simplex_intersection_time3d(int, const double*, int, const double*, int, const double*, int, const double*, int, const double*, int, double*, double*, double*, double*, double*)’:
../common/tunicate/intersection.cpp:383:38: warning: narrowing conversion of ‘time0’ from ‘int’ to ‘double’ inside { } is ill-formed in C++11 [-Wnarrowing]
     double r0[3]={x0[0], x0[2], time0}, r1[3]={x1[0], x1[2], time1},
                                      ^
../common/tunicate/intersection.cpp:383:67: warning: narrowing conversion of ‘time1’ from ‘int’ to ‘double’ inside { } is ill-formed in C++11 [-Wnarrowing]
     double r0[3]={x0[0], x0[2], time0}, r1[3]={x1[0], x1[2], time1},
                                                                   ^
../common/tunicate/intersection.cpp:384:31: warning: narrowing conversion of ‘time2’ from ‘int’ to ‘double’ inside { } is ill-formed in C++11 [-Wnarrowing]
     r2[3]={x2[0], x2[2], time2}, r3[3]={x3[0], x3[2], time3},
                               ^
../common/tunicate/intersection.cpp:384:60: warning: narrowing conversion of ‘time3’ from ‘int’ to ‘double’ inside { } is ill-formed in C++11 [-Wnarrowing]
     r2[3]={x2[0], x2[2], time2}, r3[3]={x3[0], x3[2], time3},
                                                            ^
../common/tunicate/intersection.cpp:385:31: warning: narrowing conversion of ‘time4’ from ‘int’ to ‘double’ inside { } is ill-formed in C++11 [-Wnarrowing]
     r4[3]={x4[0], x4[2], time4};
                               ^
../common/tunicate/intersection.cpp:389:38: warning: narrowing conversion of ‘time0’ from ‘int’ to ‘double’ inside { } is ill-formed in C++11 [-Wnarrowing]
     double p0[3]={x0[0], x0[2], time0}, p1[3]={x1[0], x1[2], time1},
                                      ^
../common/tunicate/intersection.cpp:389:67: warning: narrowing conversion of ‘time1’ from ‘int’ to ‘double’ inside { } is ill-formed in C++11 [-Wnarrowing]
     double p0[3]={x0[0], x0[2], time0}, p1[3]={x1[0], x1[2], time1},
                                                                   ^
../common/tunicate/intersection.cpp:390:31: warning: narrowing conversion of ‘time2’ from ‘int’ to ‘double’ inside { } is ill-formed in C++11 [-Wnarrowing]
     p2[3]={x2[0], x2[2], time2}, p3[3]={x3[0], x3[2], time3},
                               ^
../common/tunicate/intersection.cpp:390:60: warning: narrowing conversion of ‘time3’ from ‘int’ to ‘double’ inside { } is ill-formed in C++11 [-Wnarrowing]
     p2[3]={x2[0], x2[2], time2}, p3[3]={x3[0], x3[2], time3},
                                                            ^
../common/tunicate/intersection.cpp:391:31: warning: narrowing conversion of ‘time4’ from ‘int’ to ‘double’ inside { } is ill-formed in C++11 [-Wnarrowing]
     p4[3]={x4[0], x4[2], time4};
                               ^
../common/tunicate/intersection.cpp:395:38: warning: narrowing conversion of ‘time0’ from ‘int’ to ‘double’ inside { } is ill-formed in C++11 [-Wnarrowing]
     double q0[3]={x0[0], x0[1], time0}, q1[3]={x1[0], x1[1], time1},
                                      ^
../common/tunicate/intersection.cpp:395:67: warning: narrowing conversion of ‘time1’ from ‘int’ to ‘double’ inside { } is ill-formed in C++11 [-Wnarrowing]
     double q0[3]={x0[0], x0[1], time0}, q1[3]={x1[0], x1[1], time1},
                                                                   ^
../common/tunicate/intersection.cpp:396:31: warning: narrowing conversion of ‘time2’ from ‘int’ to ‘double’ inside { } is ill-formed in C++11 [-Wnarrowing]
     q2[3]={x2[0], x2[1], time2}, q3[3]={x3[0], x3[1], time3},
                               ^
../common/tunicate/intersection.cpp:396:60: warning: narrowing conversion of ‘time3’ from ‘int’ to ‘double’ inside { } is ill-formed in C++11 [-Wnarrowing]
     q2[3]={x2[0], x2[1], time2}, q3[3]={x3[0], x3[1], time3},
                                                            ^
../common/tunicate/intersection.cpp:397:31: warning: narrowing conversion of ‘time4’ from ‘int’ to ‘double’ inside { } is ill-formed in C++11 [-Wnarrowing]
     q4[3]={x4[0], x4[1], time4};
                               ^
g++ -Wall -D__LITTLE_ENDIAN__ -DUSE_FORTRAN_BLAS -DNO_GUI -fPIC -c -O3 -funroll-loops -I. -I../eltopo3d -I../common -I../common/newsparse -I../common/sparse -I../common/meshes -I../common/tunicate -Icurlnoise -Idrivers  -o obj/neg.o ../common/tunicate/neg.cpp
g++ -Wall -D__LITTLE_ENDIAN__ -DUSE_FORTRAN_BLAS -DNO_GUI -fPIC -c -O3 -funroll-loops -I. -I../eltopo3d -I../common -I../common/newsparse -I../common/sparse -I../common/meshes -I../common/tunicate -Icurlnoise -Idrivers  -o obj/orientation.o ../common/tunicate/orientation.cpp
g++ -Wall -D__LITTLE_ENDIAN__ -DUSE_FORTRAN_BLAS -DNO_GUI -fPIC -c -O3 -funroll-loops -I. -I../eltopo3d -I../common -I../common/newsparse -I../common/sparse -I../common/meshes -I../common/tunicate -Icurlnoise -Idrivers  -o obj/root_parity_ccd_wrapper.o ../common/root_parity_ccd_wrapper.cpp
g++ -Wall -D__LITTLE_ENDIAN__ -DUSE_FORTRAN_BLAS -DNO_GUI -fPIC -c -O3 -funroll-loops -I. -I../eltopo3d -I../common -I../common/newsparse -I../common/sparse -I../common/meshes -I../common/tunicate -Icurlnoise -Idrivers  -o obj/cubic_ccd_wrapper.o ../common/cubic_ccd_wrapper.cpp
../common/cubic_ccd_wrapper.cpp: In function ‘bool segment_triangle_intersection(const Vec3d&, size_t, const Vec3d&, size_t, const Vec3d&, size_t, const Vec3d&, size_t, const Vec3d&, size_t, bool, bool)’:
../common/cubic_ccd_wrapper.cpp:1038:44: warning: ‘bary[4]’ is used uninitialized in this function [-Wuninitialized]
     return check_edge_triangle_intersection( x0, x1, x2, x3, x4, 
                                            ^
../common/cubic_ccd_wrapper.cpp:1038:44: warning: ‘bary[3]’ is used uninitialized in this function [-Wuninitialized]
../common/cubic_ccd_wrapper.cpp:1038:44: warning: ‘bary[2]’ is used uninitialized in this function [-Wuninitialized]
../common/cubic_ccd_wrapper.cpp:1038:44: warning: ‘bary[1]’ is used uninitialized in this function [-Wuninitialized]
../common/cubic_ccd_wrapper.cpp:1038:44: warning: ‘bary[0]’ is used uninitialized in this function [-Wuninitialized]
g++ -Wall -D__LITTLE_ENDIAN__ -DUSE_FORTRAN_BLAS -DNO_GUI -fPIC -c -O3 -funroll-loops -I. -I../eltopo3d -I../common -I../common/newsparse -I../common/sparse -I../common/meshes -I../common/tunicate -Icurlnoise -Idrivers  -o obj/collisionqueries.o ../common/collisionqueries.cpp
ar r libeltopo_release.a obj/accelerationgrid.o obj/broadphasegrid.o obj/collisionpipeline.o obj/dynamicsurface.o obj/edgecollapser.o obj/edgeflipper.o obj/edgesplitter.o obj/eltopo.o obj/impactzonesolver.o obj/meshmerger.o obj/meshpincher.o obj/meshsmoother.o obj/meshrenderer.o obj/nondestructivetrimesh.o obj/subdivisionscheme.o obj/surftrack.o obj/trianglequality.o obj/wallclocktime.o obj/sparse_matrix.o obj/krylov_solvers.o obj/expansion.o obj/intersection.o obj/neg.o obj/orientation.o obj/root_parity_ccd_wrapper.o obj/cubic_ccd_wrapper.o obj/collisionqueries.o
ar: creating libeltopo_release.a
ranlib libeltopo_release.a
make[1]: Leaving directory '/home/lai/.julia/packages/SurfaceGeometry/X77cg/src/libraries/eltopo-master/eltopo3d'
g++ eltopo.cpp ../eltopo-master/eltopo3d/libeltopo_release.a -o eltopo.so -fPIC -shared -llapack -lblas -lstdc++ -lm -I../eltopo-master/common -I../eltopo-master/eltopo3d 
